0	1
0	0.9999278622448979
0.009999999999999995	0.9856111828845522
0.019999999999999934	0.9575321924214626
0.029999999999999874	0.9162839845355351
0.04000000000000012	0.8626378376340026
0.050000000000000405	0.7975297586275321
0.06000000000000069	0.722044883513019
0.07000000000000098	0.6373999861986768
0.08000000000000126	0.5449243702464045
0.09000000000000155	0.4460394372214997
0.10000000000000184	0.3422372399260087
0.11000000000000212	0.23505833880144994
0.12000000000000241	0.12606928514538912
0.130000000000002	0.01684005548273761
0.1400000000000009	-0.09107824247634347
0.1499999999999998	-0.19617508025401711
0.1599999999999987	-0.2970013360560263
0.1699999999999976	-0.39218895667230874
0.1799999999999965	-0.4804691917665363
0.1899999999999954	-0.5606891624400647
0.1999999999999943	-0.6318265529355376
0.2099999999999932	-0.6930022439349173
0.2199999999999921	-0.7434907376475645
0.229999999999991	-0.7827282582987443
0.2399999999999899	-0.8103184462171102
0.2499999999999888	-0.8260355989779823
0.2599999999999877	-0.829825448475129
0.2699999999999866	-0.8218034978666404
0.2799999999999855	-0.8022509765750478
0.2899999999999844	-0.7716085044469189
0.2999999999999833	-0.7304675873449903
0.3099999999999822	-0.6795600954373165
0.3199999999999811	-0.6197459018868019
0.32999999999998	-0.5519988831888158
0.3399999999999789	-0.47739150276406495
0.3499999999999778	-0.3970782163443856
0.35999999999997667	-0.31227795099968836
0.36999999999997557	-0.22425591920721613
0.37999999999997447	-0.13430503507796054
0.38999999999997337	-0.04372720170300986
0.39999999999997227	0.04618526340686293
0.40999999999997117	0.13416780355905353
0.41999999999997006	0.21900114692910208
0.42999999999996896	0.29952794035732205
0.43999999999996786	0.37466826983222934
0.44999999999996676	0.4434338635402422
0.45999999999996566	0.5049407949238827
0.46999999999996456	0.5584205270342321
0.47999999999996346	0.6032291652177085
0.48999999999996235	0.6388548124500265
0.49999999999996125	0.6649229500137234
0.5099999999999602	0.6811997952913512
0.519999999999959	0.6875936177943887
0.529999999999958	0.6841540237446319
0.5399999999999568	0.6710692481642797
0.5499999999999557	0.648661521109061
0.5599999999999546	0.6173806010224351
0.5699999999999535	0.5777955928401403
0.5799999999999524	0.530585191109393
0.5899999999999513	0.47652650871372926
0.5999999999999502	0.4164826695577836
0.6099999999999491	0.35138935854902076
0.619999999999948	0.2822405342457291
0.6299999999999469	0.21007351849155467
0.6399999999999458	0.13595368314386116
0.6499999999999447	0.060958956589881534
0.6599999999999436	-0.013835627861171028
0.6699999999999425	-0.08737312336582961
0.6799999999999414	-0.15862938915428806
0.6899999999999403	-0.22662713648484875
0.6999999999999392	-0.2904491114803111
0.7099999999999381	-0.34925024029914886
0.719999999999937	-0.40226857927352766
0.7299999999999359	-0.44883493181155476
0.7399999999999348	-0.4883810147123716
0.7499999999999337	-0.5204460787616212
0.7599999999999326	-0.5446819117259566
0.7699999999999315	-0.5608561758052842
0.7799999999999304	-0.5688540558809516
0.7899999999999293	-0.5686782191687655
0.7999999999999282	-0.5604471108033524
0.8099999999999271	-0.5443916331106277
0.819999999999926	-0.5208502785503302
0.8299999999999249	-0.4902628072277038
0.8399999999999238	-0.45316257920633546
0.8499999999999227	-0.41016766935123955
0.8599999999999216	-0.36197090786975156
0.8699999999999205	-0.3093290029086793
0.8799999999999194	-0.253050912355223
0.8899999999999183	-0.19398564025553724
0.8999999999999172	-0.13300963892976583
0.9099999999999161	-0.07101400088012425
0.919999999999915	-0.008891624955635356
0.9299999999999139	0.05247546101493918
0.9399999999999128	0.11222844371238051
0.9499999999999117	0.16954356377648305
0.9599999999999106	0.22364329060952573
0.9699999999999095	0.2738066836234989
0.9799999999999084	0.3193788046607852
0.9899999999999073	0.35977906168124735
0.9999999999999062	0.3945083806527476
1.0099999999999052	0.42315512064802846
1.019999999999904	0.44539966616390003
1.029999999999903	0.46101765035832754
1.039999999999902	0.46988178295640304
1.0499999999999008	0.4719622767193223
1.0599999999998997	0.467325886314734
1.0699999999998986	0.4561335928915672
1.0799999999998975	0.43863698637977466
1.0899999999998964	0.41517341524912543
1.0999999999998953	0.38615998993684675
1.1099999999998942	0.3520865411733093
1.119999999999893	0.3135076478070011
1.129999999999892	0.27103386028937815
1.1399999999998909	0.22532225558683272
1.1499999999998898	0.17706646683465896
1.1599999999998887	0.12698633645692628
1.1699999999998876	0.07581734470190862
1.1799999999998865	0.02429996656913368
1.1899999999998854	-0.026830891051312707
1.1999999999998843	-0.07685622349689235
1.2099999999998832	-0.12508289052600496
1.219999999999882	-0.17085307070565942
1.229999999999881	-0.2135530812352887
1.2399999999998799	-0.25262144723808244
1.2499999999998788	-0.28755611683087756
1.2599999999998777	-0.31792073185833775
1.2699999999998766	-0.3433498788361123
1.2799999999998755	-0.363553260167694
1.2899999999998744	-0.3783187418489564
1.2999999999998733	-0.3875142504150216
1.3099999999998722	-0.3910885085757053
1.319999999999871	-0.38907061559090456
1.32999999999987	-0.3815684947201132
1.3399999999998689	-0.36876624581669315
1.3499999999998678	-0.3509204561104872
1.3599999999998666	-0.32835553623166475
1.3699999999998655	-0.30145816138907594
1.3799999999998644	-0.27067090916219544
1.3899999999998633	-0.23648519545146218
1.3999999999998622	-0.1994336186360921
1.4099999999998611	-0.16008182881244548
1.41999999999986	-0.11902004405729191
1.429999999999859	-0.07685433893194941
1.4399999999998578	-0.03419783189398398
1.4499999999998567	0.008338102081323929
1.4599999999998556	0.050152469516436794
1.4699999999998545	0.09066302680832046
1.4799999999998534	0.12931426421766654
1.4899999999998523	0.16558489779611987
1.4999999999998512	0.19899477007673166
1.5099999999998501	0.229111070137083
1.519999999999849	0.25555379455671945
1.529999999999848	0.2780003826597963
1.5399999999998468	0.2961894720786282
1.5499999999998457	0.30992373390363676
1.5599999999998446	0.3190717603048671
1.5699999999998435	0.3235689913204733
1.5799999999998424	0.32341768131102
1.5899999999998413	0.31868591917807976
1.5999999999998402	0.30950572965362055
1.6099999999998391	0.2960702955994279
1.619999999999838	0.27863035314434065
1.629999999999837	0.2574898224716812
1.6399999999998358	0.23300074700880344
1.6499999999998347	0.20555762253795257
1.6599999999998336	0.17559120523558386
1.6699999999998325	0.14356189376780362
1.6799999999998314	0.10995278525545783
1.6899999999998303	0.07526250812746095
1.6999999999998292	0.03999793658079593
1.709999999999828	0.004666891557687602
1.719999999999827	-0.03022906814682109
1.729999999999826	-0.06420166378062488
1.7399999999998248	-0.09678262680454829
1.7499999999998237	-0.1275300500565865
1.7599999999998226	-0.15603427529553202
1.7699999999998215	-0.18192324027867832
1.7799999999998204	-0.2048672172764736
1.7899999999998193	-0.22458288451585792
1.7999999999998182	-0.24083668232607225
1.809999999999817	-0.2534474165800399
1.819999999999816	-0.262288083220302
1.8299999999998149	-0.2672868990672824
1.8399999999998138	-0.2684275355636948
1.8499999999998127	-0.26574856345048176
1.8599999999998116	-0.2593421274365491
1.8699999999998105	-0.2493518805649358
1.8799999999998094	-0.23597021804579763
1.8899999999998083	-0.21943485968889265
1.8999999999998072	-0.20002483860084216
1.909999999999806	-0.17805596140735752
1.919999999999805	-0.1538758118228266
1.9299999999998039	-0.12785837484129156
1.9399999999998028	-0.10039836310220195
1.9499999999998017	-0.0719053300471719
1.9599999999998006	-0.042797656304903724
1.9699999999997995	-0.01349649631119887
1.9799999999997984	0.015580228499674978
1.9899999999997973	0.044023705480740645
1.9999999999997962	0.07143989413818144
2.0099999999998173	0.09745489984489794
2.0199999999998384	0.1217199858691023
2.0299999999998595	0.14391615783194742
2.0399999999998806	0.1637582617013277
2.0499999999999017	0.18099854415728098
2.059999999999923	0.19542963250788173
2.069999999999944	0.20688690016683559
2.079999999999965	0.2152501928920722
2.089999999999986	0.2204449003941652
2.100000000000007	0.22244236741730208
2.1100000000000283	0.22125964783843582
2.1200000000000494	0.2169586145888824
2.1300000000000705	0.2096444471486216
2.1400000000000916	0.19946352687419133
2.1500000000001127	0.18660077838253256
2.160000000000134	0.17127650251977378
2.170000000000155	0.15374275300199938
2.180000000000176	0.13427931454197087
2.190000000000197	0.11318934510232347
2.2000000000002182	0.09079474878604173
2.2100000000002393	0.06743134874844348
2.2200000000002604	0.04344393136388096
2.2300000000002815	0.0191812336942746
2.2400000000003026	-0.005009053912236243
2.2500000000003237	-0.02878519949750877
2.260000000000345	-0.051816187065634456
2.270000000000366	-0.07378625482593792
2.280000000000387	-0.0943991529144832
2.290000000000408	-0.11338206424473764
2.3000000000004293	-0.1304891377106096
2.3100000000004504	-0.14550458917813777
2.3200000000004715	-0.1582453324584306
2.3300000000004926	-0.1685631096504781
2.3400000000005137	-0.17634609777059657
2.3500000000005348	-0.18151997633304146
2.360000000000556	-0.18404844840200046
2.370000000000577	-0.18393321548524558
2.380000000000598	-0.1812134143729658
2.390000000000619	-0.17596453153435532
2.4000000000006403	-0.168296817865681
2.4100000000006614	-0.15835323333971035
2.4200000000006825	-0.1463069573483436
2.4300000000007036	-0.1323585061762238
2.4400000000007247	-0.11673250402199649
2.450000000000746	-0.09967415823438171
2.460000000000767	-0.08144549290250334
2.470000000000788	-0.06232139759583112
2.480000000000809	-0.04258554986263899
2.49000000000083	-0.02252627105313702
2.5000000000008513	-0.0024323751331883814
2.5100000000008724	0.017410930592600904
2.5200000000008935	0.036726035500965606
2.5300000000009146	0.055246751427428
2.5400000000009357	0.07272192232252737
2.550000000000957	0.08891876970651133
2.560000000000978	0.10362593026778684
2.570000000000999	0.116656146931774
2.58000000000102	0.12784858018561143
2.5900000000010412	0.13707071229595091
2.6000000000010624	0.14421982321374616
2.6100000000010835	0.14922402332961604
2.6200000000011046	0.1520428347329401
2.6300000000011257	0.15266731914371007
2.6400000000011468	0.15111975713537493
2.650000000001168	0.14745288955927133
2.660000000001189	0.14174873812990463
2.67000000000121	0.13411702785255883
2.680000000001231	0.12469323929464904
2.6900000000012523	0.11363632354985859
2.7000000000012734	0.10112611705751365
2.7100000000012945	0.0873604971652395
2.7200000000013156	0.07255232241638157
2.7300000000013367	0.05692620397012508
2.740000000001358	0.040715156296571284
2.750000000001379	0.02415717631662113
2.7600000000014	0.007491800472951069
2.770000000001421	-0.00904331117100013
2.780000000001442	-0.025215715786563207
2.7900000000014633	-0.04080140731695533
2.8000000000014844	-0.05558787079846523
2.8100000000015055	-0.06937693053193536
2.8200000000015266	-0.08198735467243647
2.8300000000015477	-0.09325718278744694
2.840000000001569	-0.10304574733371172
2.85000000000159	-0.11123536475200087
2.860000000001611	-0.1177326769050171
2.870000000001632	-0.122469628811491
2.8800000000016532	-0.1254040739822833
2.8900000000016743	-0.1265200040641676
2.9000000000016954	-0.12582740486702212
2.9100000000017165	-0.12336174611465435
2.9200000000017377	-0.11918311734516565
2.9300000000017588	-0.11337502722426787
2.94000000000178	-0.10604288805938615
2.950000000001801	-0.09731221145362245
2.960000000001822	-0.08732654476375022
2.970000000001843	-0.07624518127811748
2.9800000000018643	-0.06424067976969247
2.9900000000018854	-0.051496231274642985
3.0000000000019065	-0.03820291257458402
3.0100000000019276	-0.02455686690597234
3.0200000000019487	-0.010756452876347694
3.03000000000197	0.0030005975637405887
3.040000000001991	0.01651997195204936
3.050000000002012	0.029613482074689824
3.060000000002033	0.04210164357977206
3.070000000002054	0.05381609566870019
3.0800000000020753	0.06460182884849862
3.0900000000020964	0.07431919190237525
3.1000000000021175	0.08284565277322742
3.1100000000021386	0.09007729190064505
3.1200000000021597	0.09593001064735363
3.130000000002181	0.10034044173434405
3.140000000002202	0.10326655301178961
3.150000000002223	0.1046879403611884
3.160000000002244	0.10460580998850463
3.1700000000022652	0.1030426547655582
3.1800000000022863	0.10004163354599102
3.1900000000023074	0.09566566646405744
3.2000000000023285	0.08999626306436312
3.2100000000023496	0.08313210365721531
3.2200000000023707	0.0751873975015628
3.230000000002392	0.06629004424481794
3.240000000002413	0.05657962746174257
3.250000000002434	0.046205271104371066
3.260000000002455	0.03532339118028177
3.2700000000024763	0.02409537600270994
3.2800000000024974	0.012685228894953863
3.2900000000025185	0.001257207282915549
3.3000000000025396	-0.010026508320592773
3.3100000000025607	-0.02100808283500339
3.3200000000025818	-0.03153620137788387
3.330000000002603	-0.0414681207926817
3.340000000002624	-0.050671570617907974
3.350000000002645	-0.05902647869821512
3.360000000002666	-0.0664264994743625
3.3700000000026873	-0.07278032609650097
3.3800000000027084	-0.07801277083579498
3.3900000000027295	-0.08206560177265991
3.4000000000027506	-0.08489812736384778
3.4100000000027717	-0.08648752418209603
3.420000000002793	-0.08682890682792108
3.430000000002814	-0.08593514268053438
3.440000000002835	-0.08383641773246622
3.450000000002856	-0.08057956319087461
3.460000000002877	-0.07622715578097075
3.4700000000028983	-0.07085640770986971
3.4800000000029194	-0.0645578650032099
3.4900000000029405	-0.05743393537666398
3.5000000000029616	-0.04959726891957922
3.5100000000029827	-0.04116901662333555
3.520000000003004	-0.03227699316276702
3.530000000003025	-0.0230537713210077
3.540000000003046	-0.01363473602810224
3.550000000003067	-0.0041561261592307
3.5600000000030882	0.005246907987502503
3.5700000000031094	0.014442204231990954
3.5800000000031305	0.02330241876634576
3.5900000000031516	0.031706762171928214
3.6000000000031727	0.03954261793793077
3.6100000000031938	0.046707022215099724
3.620000000003215	0.053107985806084244
3.630000000003236	0.0586656418987986
3.640000000003257	0.06331320575228126
3.650000000003278	0.06699773540464775
3.6600000000032993	0.06968068544716817
3.6700000000033204	0.07133824895351792
3.6800000000033415	0.07196148572451436
3.6900000000033626	0.07155623806262287
3.7000000000033837	0.07014283828375462
3.710000000003405	0.06775561506515394
3.720000000003426	0.06444220847782049
3.730000000003447	0.060262706123012495
3.740000000003468	0.0552886151510156
3.750000000003489	0.04960168705607932
3.7600000000035103	0.04329261398796952
3.7700000000035314	0.03645961687511518
3.7800000000035525	0.0292069468994095
3.7900000000035736	0.021643322784934062
3.8000000000035947	0.013880326953662842
3.810000000003616	0.006030783856984063
3.820000000003637	-0.0017928562861963516
3.830000000003658	-0.009480105520196087
3.840000000003679	-0.01692397585136468
3.8500000000037002	-0.024022445540878113
3.8600000000037213	-0.03067983422816203
3.8700000000037424	-0.03680806869378306
3.8800000000037635	-0.042327822878233834
3.8900000000037847	-0.04716951778719976
3.9000000000038058	-0.05127416910301492
3.910000000003827	-0.05459407265273983
3.920000000003848	-0.05709332032043751
3.930000000003869	-0.058748141498907475
3.94000000000389	-0.05954706771764266
3.9500000000039113	-0.05949092062283288
3.9600000000039324	-0.05859262598564999
3.9700000000039535	-0.05687685884221959
3.9800000000039746	-0.05437952718894273
3.9900000000039957	-0.05114710383914778
4.000000000004016	-0.047235818062172995
4.010000000003993	-0.04271072044795107
4.02000000000397	-0.03764463604572853
4.030000000003946	-0.0321170221951623
4.040000000003923	-0.02621274858557467
4.0500000000039	-0.020020817932328464
4.0600000000038765	-0.013633046239849112
4.070000000003853	-0.007142721924348454
4.08000000000383	-0.0006432630954143947
4.090000000003807	0.005773107952045072
4.100000000003783	0.012016654498142045
4.11000000000376	0.018001361642771906
4.120000000003737	0.023646102277269578
4.130000000003713	0.028875717258881477
4.14000000000369	0.03362199569986508
4.150000000003667	0.03782454289822126
4.1600000000036434	0.04143152520603042
4.17000000000362	0.04440028302691098
4.180000000003597	0.04669780512761255
4.1900000000035735	0.04830105951050564
4.20000000000355	0.04919717819357507
4.210000000003527	0.04938349535223245
4.220000000003504	0.048867440362715155
4.23000000000348	0.04766628932097927
4.240000000003457	0.0458067805655546
4.250000000003434	0.04332460158140716
4.26000000000341	0.04026375637963325
4.270000000003387	0.03667582401232877
4.280000000003364	0.03261912027335137
4.2900000000033405	0.028157775836470035
4.300000000003317	0.023360745078497457
4.310000000003294	0.01830076061496468
4.320000000003271	0.013053249131970068
4.330000000003247	0.0076952244251371794
4.340000000003224	0.0023041736538895437
4.350000000003201	-0.0030430473117286647
4.360000000003177	-0.008271293928523753
4.370000000003154	-0.013308173447753879
4.380000000003131	-0.018085031631518735
4.390000000003107	-0.022537872499393714
4.400000000003084	-0.026608199023195285
4.410000000003061	-0.03024376397926619
4.4200000000030375	-0.03339922159376618
4.430000000003014	-0.0360366721549846
4.440000000002991	-0.038126093394282315
4.450000000002968	-0.03964565412962917
4.460000000002944	-0.040581907397870216
4.470000000002921	-0.04092986204876806
4.480000000002898	-0.040692933510530396
4.490000000002874	-0.03988277613856516
4.500000000002851	-0.03851900120280341
4.510000000002828	-0.03662878613188532
4.520000000002804	-0.0342463820935802
4.530000000002781	-0.03141252833088468
4.540000000002758	-0.028173782875055616
4.5500000000027345	-0.02458178030513179
4.560000000002711	-0.020692428105937435
4.570000000002688	-0.016565053882642657
4.580000000002665	-0.012261516212398666
4.590000000002641	-0.007845292247501212
4.600000000002618	-0.003380555327902409
4.610000000002595	0.0010687441856272728
4.620000000002571	0.005439781879431347
4.630000000002548	0.009671733491381522
4.640000000002525	0.013706608372964524
4.6500000000025015	0.01749003097745019
4.660000000002478	0.020971960038322413
4.670000000002455	0.02410733613165892
4.6800000000024315	0.02685664946292043
4.690000000002408	0.029186420964725106
4.700000000002385	0.03106959111857203
4.710000000002362	0.032485812300233036
4.720000000002338	0.033421641875122185
4.730000000002315	0.03387063471557916
4.740000000002292	0.033833335256002725
4.750000000002268	0.03331717062354958
4.760000000002245	0.03233624776204235
4.770000000002222	0.03091105878565878
4.7800000000021985	0.02906810003919786
4.790000000002175	0.026839411486727697
4.800000000002152	0.02426204408540535
4.810000000002129	0.021377463713002424
4.820000000002105	0.01823090099512393
4.830000000002082	0.014870657012084244
4.840000000002059	0.011347375348973104
4.850000000002035	0.007713291280910575
4.860000000002012	0.004021469056360924
4.870000000001989	0.0003250382545060509
4.880000000001965	-0.0033235599499132134
4.890000000001942	-0.006873306074949046
4.900000000001919	-0.01027530507287541
4.9100000000018955	-0.01348344900069183
4.920000000001872	-0.016455030798584243
4.930000000001849	-0.019151301173131515
4.940000000001826	-0.021537961501739908
4.950000000001802	-0.023585586681814416
4.960000000001779	-0.02526997292700885
4.970000000001756	-0.026572406647247714
4.980000000001732	-0.02747985172219175
4.990000000001709	-0.02798505367230002
5.000000000001686	-0.028086560430371176
5.0100000000016625	-0.027788660602349663
5.020000000001639	-0.02710124126272473
5.030000000001616	-0.02603956844094123
5.0400000000015925	-0.024623994505899426
5.050000000001569	-0.022879597631732616
5.060000000001546	-0.020835759416877094
5.070000000001523	-0.01852568751864699
5.080000000001499	-0.015985890847249044
5.090000000001476	-0.013255615428381145
5.100000000001453	-0.01037624948578803
5.110000000001429	-0.007390706609988377
5.120000000001406	-0.004342796064108373
5.130000000001383	-0.0012765893316107686
5.1400000000013595	0.0017642080651953504
5.150000000001336	0.004736870649752875
5.160000000001313	0.00760024447780075
5.17000000000129	0.010315307965500068
5.180000000001266	0.012845694547530734
5.190000000001243	0.015158170300953993
5.20000000000122	0.017223060406106935
5.210000000001196	0.019014619127694334
5.220000000001173	0.02051133887493905
5.23000000000115	0.02169619482585497
5.240000000001126	0.02255682256359727
5.250000000001103	0.023085627158206994
5.26000000000108	0.023279823120666756
5.2700000000010565	0.023141405643801845
5.280000000001033	0.02267705451229756
5.29000000000101	0.021897972998530826
5.300000000000987	0.02081966494924459
5.310000000000963	0.01946165409842651
5.32000000000094	0.017847150403111474
5.330000000000917	0.01600266888144191
5.340000000000893	0.013957607027585521
5.35000000000087	0.011743787378875154
5.360000000000847	0.009394972211025391
5.3700000000008234	0.006946357633249072
5.3800000000008	0.004434054543818154
5.390000000000777	0.0018945639869624032
5.4000000000007535	-0.0006357455756523363
5.41000000000073	-0.003121151699334572
5.420000000000707	-0.005527074953514253
5.430000000000684	-0.00782055267271023
5.44000000000066	-0.009970683078379465
5.450000000000637	-0.011949033899080924
5.460000000000614	-0.013730010202725155
5.47000000000059	-0.01529117680761906
5.480000000000567	-0.016613531348316314
5.490000000000544	-0.01768172482714737
5.5000000000005205	-0.018484227271346493
5.510000000000497	-0.019013436927267993
5.520000000000474	-0.019265732245488755
5.5300000000004506	-0.019241466731778987
5.540000000000427	-0.018944907547403706
5.550000000000404	-0.018384119526739844
5.560000000000381	-0.017570797029905993
5.570000000000357	-0.016520046752963657
5.580000000000334	-0.015250125268829554
5.590000000000311	-0.013782135659959067
5.600000000000287	-0.01213968812162878
5.610000000000264	-0.010348529855949893
5.620000000000241	-0.008436149936397833
5.6300000000002175	-0.00643136509671706
5.640000000000194	-0.004363892583888328
5.650000000000171	-0.0022639163110390204
5.660000000000148	-0.00016165255265164694
5.670000000000124	0.0019130786576490207
5.680000000000101	0.003931270434637579
5.690000000000078	0.00586512851297797
5.700000000000054	0.007688447869784828
5.710000000000031	0.00937696148592158
5.720000000000008	0.010908656699579616
5.729999999999984	0.012264055129373633
5.739999999999961	0.013426452717452355
5.749999999999938	0.014382117057126248
5.7599999999999145	0.015120439814989077
5.769999999999891	0.015634042724857765
5.779999999999868	0.0159188363103099
5.789999999999845	0.01597403117435992
5.799999999999821	0.0158021023691959
5.809999999999798	0.015408708016454664
5.819999999999775	0.014802563980130462
5.829999999999751	0.013995276991350452
5.839999999999728	0.013001139178944663
5.849999999999705	0.011836887464660191
5.8599999999996815	0.010521431730654385
5.869999999999658	0.009075556053942928
5.879999999999635	0.007521597623175582
5.8899999999996115	0.005883108203863412
5.899999999999588	0.00418450319642168
5.909999999999565	0.00245070343563913
5.919999999999542	0.0007067749099929479
5.929999999999518	-0.001022428464762624
5.939999999999495	-0.0027126139994167937
5.949999999999472	-0.004340386479789443
5.959999999999448	-0.0058835669285605815
5.969999999999425	-0.007321489611881639
5.979999999999402	-0.008635273391019296
5.9899999999993785	-0.009808063938117484
5.999999999999355	-0.010825243797378096
6.009999999999332	-0.011674607771393055
6.019999999999309	-0.012346501639434017
6.029999999999285	-0.012833922762332
6.039999999999262	-0.013132581689136008
6.049999999999239	-0.013240924445863398
6.059999999999215	-0.013160115748291915
6.069999999999192	-0.012893983930997416
6.079999999999169	-0.012448928916053925
6.089999999999145	-0.011833795049732289
6.099999999999122	-0.011059711107411812
6.109999999999099	-0.010139900199465394
6.1199999999990755	-0.00908946269861636
6.129999999999052	-0.007925135647246532
6.139999999999029	-0.0066650323873460576
6.149999999999006	-0.005328366382929731
6.159999999998982	-0.003935163372401505
6.169999999998959	-0.0025059660950230178
6.179999999998936	-0.0010615358806455068
6.189999999998912	0.0003774446245366556
6.199999999998889	0.001790663400160368
6.209999999998866	0.003158461600825585
6.2199999999988425	0.004462102841915085
6.229999999998819	0.005684025594669001
6.239999999998796	0.0068080753538699605
6.2499999999987725	0.007819713575437232
6.259999999998749	0.00870620075297709
6.269999999998726	0.009456751406097558
6.279999999998703	0.010062659182871775
6.289999999998679	0.010517390727806266
6.299999999998656	0.010816647428369743
6.309999999998633	0.010958394620855556
6.319999999998609	0.010942858303380624
6.329999999998586	0.01077248986354184
6.339999999998563	0.01045189977426573
6.3499999999985395	0.009987761637554663
6.359999999998516	0.009388688356412158
6.369999999998493	0.008665082584896216
6.37999999999847	0.007828963940210992
6.389999999998446	0.006893775754777747
6.399999999998423	0.0058741743967204675
6.4099999999984	0.0047858043912286825
6.419999999998376	0.003645062730603458
6.429999999998353	0.0024688558659143826
6.43999999999833	0.0012743529273425275
6.449999999998306	7.873872340325161e-05
6.459999999998283	-0.001101029977989332
6.46999999999826	-0.002248461479848977
6.4799999999982365	-0.0033477562341693396
6.489999999998213	-0.004384020891351733
6.49999999999819	-0.005343466472905392
6.509999999998167	-0.00621358808468558
6.519999999998143	-0.006983323886128105
6.52999999999812	-0.007643191357277918
6.539999999998097	-0.008185399254860318
6.549999999998073	-0.008603934015938891
6.55999999999805	-0.008894619747370325
6.569999999998027	-0.009055151325763199
6.5799999999980034	-0.009085100520398187
6.58999999999798	-0.00898589543505431
6.599999999997957	-0.008760773938535646
6.6099999999979335	-0.0084147121127563
6.61999999999791	-0.007954329086628454
6.629999999997887	-0.007387769939181482
6.639999999997864	-0.006724568642211509
6.64999999999784	-0.005975493267623518
6.659999999997817	-0.005152375904365864
6.669999999997794	-0.004267929911825468
6.67999999999777	-0.003335557278719376
6.689999999997747	-0.0023691489574360312
6.699999999997724	-0.0013828811025980439
6.7099999999977005	-0.0003910101591043906
6.719999999997677	0.0005923302805699507
6.729999999997654	0.001553327996527756
6.7399999999976306	0.00247868329174394
6.749999999997607	0.003355790168586386
6.759999999997584	0.004172905105910463
6.769999999997561	0.004919301221175842
6.779999999997537	0.005585405840549115
6.789999999997514	0.006162919763097111
6.799999999997491	0.0066449167888745
6.809999999997467	0.007025922380641147
6.819999999997444	0.007301970640645347
6.829999999997421	0.007470639102773197
6.8399999999973975	0.00753106116180365
6.849999999997374	0.007483916280896664
6.859999999997351	0.007331398431310692
6.869999999997328	0.0070771635203349115
6.879999999997304	0.0067262568504245415
6.889999999997281	0.006285021920668591
6.899999999997258	0.005760992127492464
6.909999999997234	0.0051627671417128155
6.919999999997211	0.004499875930975511
6.929999999997188	0.0037826285579049706
6.939999999997164	0.003021959013108349
6.949999999997141	0.0022292614371585435
6.959999999997118	0.001416222145961599
6.9699999999970945	0.0005946498991219142
6.979999999997071	-0.00022369315879266916
6.989999999997048	-0.0010272574981895256
6.999999999997025	-0.0018048668368851866
7.009999999997001	-0.0025458712051311862
7.019999999996978	-0.0032402903817622835
7.029999999996955	-0.003878945805675257
7.039999999996931	-0.004453579257036875
7.049999999996908	-0.004956956814279529
7.059999999996885	-0.005382956822768586
7.0699999999968615	-0.005726640855500308
7.079999999996838	-0.005984306901645719
7.089999999996815	-0.006153524281414217
7.0999999999967915	-0.006233150051753501
7.109999999996768	-0.006223326933
7.119999999996745	-0.006125463048007858
7.129999999996722	-0.005942194018845254
7.139999999996698	-0.005677328208404418
7.149999999996675	-0.005335776121917167
7.159999999996652	-0.004923465193419435
7.169999999996628	-0.004447241371909941
7.179999999996605	-0.003914759088919308
7.189999999996582	-0.0033343613313947646
7.1999999999965585	-0.0027149516595485197
7.209999999996535	-0.002065860097356512
7.219999999996512	-0.0013967048828684363
7.229999999996489	-0.0007172520959611935
7.239999999996465	-3.727518262150362e-05
7.249999999996442	0.0006335836323324459
7.259999999996419	0.0012859481071977807
7.269999999996395	0.0019108370647873754
7.279999999996372	0.0024997860448777967
7.289999999996349	0.0030449599093638918
7.299999999996325	0.0035392549329315817
7.309999999996302	0.003976389081856872
7.319999999996279	0.004350979369309325
7.3299999999962555	0.004658605374426433
7.339999999996232	0.004895858221419287
7.349999999996209	0.005060374530980105
7.359999999996186	0.00515085507610531
7.369999999996162	0.005167068094984786
7.379999999996139	0.005109837431669701
7.389999999996116	0.0049810158877945255
7.399999999996092	0.0047834443727384135
7.409999999996069	0.004520897632503865
7.419999999996046	0.004198017516693982
7.4299999999960225	0.0038202349059324077
7.439999999995999	0.0033936815668265843
7.449999999995976	0.0029250933263124178
7.4599999999959525	0.002421706060478684
7.469999999995929	0.0018911460735696354
7.479999999995906	0.0013413164999990725
7.489999999995883	0.0007802813953967402
7.499999999995859	0.00021614919181858983
7.509999999995836	-0.00034304282250230184
7.519999999995813	-0.0008894413765588454
7.529999999995789	-0.0014154858813394764
7.539999999995766	-0.0019140114059662833
7.549999999995743	-0.002378344586802468
7.5599999999957195	-0.0028023912108194673
7.569999999995696	-0.0031807143503403052
7.579999999995673	-0.003508602076084726
7.58999999999565	-0.003782123936913924
7.599999999995626	-0.003998175565355586
7.609999999995603	-0.004154510945329182
7.61999999999558	-0.004249762059886884
7.629999999995556	-0.0042834458196046934
7.639999999995533	-0.004255958353893301
7.64999999999551	-0.004168556925386828
7.659999999995486	-0.004023329899252046
7.669999999995463	-0.003823155362384278
7.67999999999544	-0.003571649139843438
7.6899999999954165	-0.0032731030955122317
7.699999999995393	-0.0029324147290410328
7.70999999999537	-0.0025550091901131934
7.719999999995347	-0.0021467549226032896
7.729999999995323	-0.0017138742242565
7.7399999999953	-0.0012628500613260695
7.749999999995277	-0.0008003305116644377
7.759999999995253	-0.0003330322238865403
7.76999999999523	0.00013235572552199596
7.779999999995207	0.0005892662205208208
7.789999999995183	0.0010313454267303166
7.79999999999516	0.0014525397951002219
7.809999999995137	0.0018471775765005795
7.8199999999951135	0.002210043770100355
7.82999999999509	0.0025364475367172833
7.839999999995067	0.0028222812288335743
7.849999999995044	0.0030640703197909974
7.85999999999502	0.0032590136538098867
7.869999999994997	0.00340501358382834
7.879999999994974	0.003500695713582577
7.88999999999495	0.0035454181116735574
7.899999999994927	0.0035392700164150574
7.909999999994904	0.0034830601988997153
7.9199999999948805	0.003378295295880083
7.929999999994857	0.003227148561763175
7.939999999994834	0.0030324196183962233
7.9499999999948106	0.002797485900666534
7.959999999994787	0.0025262466037017308
7.969999999994764	0.002223060032272092
7.979999999994741	0.0018926753337082326
7.989999999994717	0.001540159661304157
7.999999999994694	0.0011708218650735866
8.00999999999467	0.00079013384037105
8.019999999994647	0.0004036506820373339
8.029999999994624	1.6930792373395947e-05
8.0399999999946	-0.00036454292438896086
8.049999999994577	-0.000735439679914718
8.059999999994554	-0.0010906541773063707
8.06999999999453	-0.0014253757506740034
8.079999999994508	-0.001735152349168659
8.089999999994484	-0.002015948532007535
8.099999999994461	-0.0022641967377042362
8.109999999994438	-0.002476841196468077
8.119999999994414	-0.002651373967931301
8.129999999994391	-0.0027858627052853866
8.139999999994368	-0.0028789698697991467
8.149999999994344	-0.002929963244749469
8.159999999994321	-0.00293871772321677
8.169999999994298	-0.00290570846820438
8.179999999994275	-0.0028319956643912615
8.189999999994251	-0.0027192011968582273
8.199999999994228	-0.0025694777017574344
8.209999999994205	-0.0023854705356684933
8.219999999994181	-0.002170273302965962
8.229999999994158	-0.0019273776627291947
8.239999999994135	-0.0016606182075478023
8.249999999994111	-0.001374113265161178
8.259999999994088	-0.0010722025195698327
8.269999999994065	-0.0007593823806029569
8.279999999994041	-0.00044024004964956826
8.289999999994018	-0.00011938723429230043
8.299999999993995	0.00019860554395933
8.309999999993972	0.0005092731264374361
8.319999999993948	0.0008083174907457474
8.329999999993925	0.0010916662796597158
8.339999999993902	0.0013555273022110492
8.349999999993878	0.001596438291854805
8.359999999993855	0.00181131128396432
8.369999999993832	0.001997471060188103
8.379999999993808	0.0021526871991069344
8.389999999993785	0.00227519936976015
8.399999999993762	0.0023637356055051695
8.409999999993738	0.002417523398866002
8.419999999993715	0.0024362935620078087
8.429999999993692	0.0024202769007641285
8.439999999993669	0.00237019385129209
8.449999999993645	0.0022872373260302437
8.459999999993622	0.0021730491083531067
8.469999999993599	0.0020296902219133486
8.479999999993575	0.001859605779991922
8.489999999993552	0.001665584891223992
8.499999999993529	0.0014507162599394646
8.509999999993505	0.0012183401713058463
8.519999999993482	0.0009719975928959351
8.529999999993459	0.0007153771547819618
8.539999999993436	0.00045226078950575516
8.549999999993412	0.00018646882117927133
8.559999999993389	-7.819471042104539e-05
8.569999999993366	-0.0003379957193815114
8.579999999993342	-0.0005893219906174491
8.589999999993319	-0.0008287326335139947
8.599999999993296	-0.0010530044064636986
8.609999999993272	-0.0012591743003050866
8.619999999993249	-0.0014445778303571113
8.629999999993226	-0.0016068825553568116
8.639999999993202	-0.001744116416073002
8.64999999999318	-0.001854690565546546
8.659999999993156	-0.0019374164456115832
8.669999999993133	-0.0019915169493591152
8.67999999999311	-0.002016631595276084
8.689999999993086	-0.0020128157246977396
8.699999999993063	-0.0019805338187306827
8.70999999999304	-0.0019206471127635758
8.719999999993016	-0.0018343957649544624
8.729999999992993	-0.0017233759086119976
8.73999999999297	-0.001589511986200935
8.749999999992946	-0.0014350248239141381
8.759999999992923	-0.0012623959595973258
8.7699999999929	-0.0010743287826246294
8.779999999992876	-0.0008737070815716657
8.789999999992853	-0.0006635516238096013
8.79999999999283	-0.0004469754101758432
8.809999999992806	-0.00022713825752636644
8.819999999992783	-7.2013622376713925e-06
8.82999999999276	0.00020971751126876246
8.839999999992736	0.0004205875908992721
8.849999999992713	0.000622506806686971
8.85999999999269	0.0008127410852712589
8.869999999992666	0.0009887607065468826
8.879999999992643	0.0011482732490116232
8.88999999999262	0.0012892527053934033
8.899999999992596	0.0014099644103381596
8.909999999992573	0.0015089854863616842
8.91999999999255	0.0015852205819396306
8.929999999992527	0.0016379127455243543
8.939999999992503	0.0016666493504138141
8.94999999999248	0.001671363056731278
8.959999999992457	0.0016523278672897284
8.969999999992433	0.0016101504028246945
8.97999999999241	0.0015457565880383362
8.989999999992387	0.0014603740022078298
8.999999999992363	0.0013555102059393752
9.00999999999234	0.0012329274082464776
9.019999999992317	0.0010946138848178476
9.029999999992294	0.0009427525985462087
9.03999999999227	0.0007796875066322346
9.049999999992247	0.0006078880644862804
9.059999999992224	0.0004299124549629924
9.0699999999922	0.000248370082027204
9.079999999992177	6.588387072381706e-05
9.089999999992154	-0.00011494708961767187
9.09999999999213	-0.00029158403449401876
9.109999999992107	-0.0004615836409388654
9.119999999992084	-0.0006226312937233723
9.12999999999206	-0.0007725720559399971
9.139999999992037	-0.0009094389377043683
9.149999999992014	-0.0010314781007571387
9.15999999999199	-0.0011371706853023319
9.169999999991967	-0.0012252509977288197
9.179999999991944	-0.0012947208531330445
9.18999999999192	-0.0013448599239682484
9.199999999991897	-0.0013752320048447703
9.209999999991874	-0.0013856871626481103
9.21999999999185	-0.001376359799880124
9.229999999991827	-0.0013476627166407423
9.239999999991804	-0.001300277312151025
9.24999999999178	-0.0012351401194207233
9.259999999991757	-0.0011534259158725148
9.269999999991734	-0.0010565276978074304
9.27999999999171	-0.0009460338469499916
9.289999999991688	-0.0008237028524392146
9.299999999991664	-0.0006914359811167788
9.309999999991641	-0.0005512483124600817
9.319999999991618	-0.0004052385717742547
9.329999999991594	-0.000255558206133494
9.339999999991571	-0.00010438015198602149
9.349999999991548	4.613225866239191e-05
9.359999999991524	0.00019385581487496174
9.369999999991501	0.0003367369420095508
9.379999999991478	0.00047281981153992627
9.389999999991455	0.0006002726671135636
9.399999999991431	0.0007174120191292693
9.409999999991408	0.0008227243952521783
9.419999999991385	0.000914885373348817
9.429999999991361	0.0009927756657107626
9.439999999991338	0.00105549406849603
9.449999999991315	0.0011023671373743308
9.459999999991291	0.0011329554987216009
9.469999999991268	0.0011470567546673785
9.479999999991245	0.0011447049891529122
9.489999999991221	0.0011261669302171898
9.499999999991198	0.0010919348703236549
9.509999999991175	0.0010427164910329894
9.519999999991152	0.0009794217801146472
9.529999999991128	0.0009031472677184179
9.539999999991105	0.000815157843001848
9.549999999991082	0.0007168664431823027
9.559999999991058	0.0006098119329875152
9.569999999991035	0.0004956355136085998
9.579999999991012	0.0003760560162844269
9.589999999990988	0.0002528444464125136
9.599999999990965	0.00012779814951069583
9.609999999990942	2.71497044358718e-06
9.619999999990918	-0.00012063222784485845
9.629999999990895	-0.00024052033014146062
9.639999999990872	-0.0003552996785521601
9.649999999990849	-0.00046341640490440164
9.659999999990825	-0.0005634330890661988
9.669999999990802	-0.0006540474742171315
9.679999999990779	-0.0007341090014532269
9.689999999990755	-0.0008026329603779629
9.699999999990732	-0.0008588120889950198
9.709999999990709	-0.0009020254947254792
9.719999999990685	-0.0009318448081480617
9.729999999990662	-0.0009480375215249669
9.739999999990639	-0.0009505675047459685
9.749999999990616	-0.0009395927314221365
9.759999999990592	-0.0009154602869255104
9.769999999990569	-0.0008786987676664665
9.779999999990546	-0.0008300082163137362
9.789999999990522	-0.0007702477705234028
9.799999999990499	-0.0007004212326221888
9.809999999990476	-0.0006216607942058327
9.819999999990452	-0.0005352091724384289
9.829999999990429	-0.0004424004337001956
9.839999999990406	-0.0003446397949205838
9.849999999990382	-0.00024338270330037255
9.85999999999036	-0.00014011350108480302
9.869999999990336	-3.6323983579419386e-05
9.879999999990313	6.650784425920843e-05
9.88999999999029	0.00016693851447093042
9.899999999990266	0.00026357905905953103
9.909999999990243	0.00035511391753663727
9.91999999999022	0.0004403185361079658
9.929999999990196	0.0005180754276945628
9.939999999990173	0.0005873884870647865
9.94999999999015	0.0006473953829950075
9.959999999990126	0.000697377879150611
9.969999999990103	0.0007367699668310155
9.97999999999008	0.0007651637253851001
9.989999999990056	0.0007823128594945051
9.999999999990033	0.000788133896160424
10.00999999999001	0.0007827050576331614
10.019999999989986	0.0007662628592237568
10.029999999989963	0.0007391965124795244
10.03999999998994	0.000702040244159975
10.049999999989916	0.0006554636694142707
10.059999999989893	0.0006002603831693139
10.06999999998987	0.000537334956656798
10.079999999989846	0.0004676885459543377
10.089999999989823	0.0003924033361474927
10.0999999999898	0.00031262605804587365
10.109999999989776	0.00022955082416685114
10.119999999989753	0.0001444015368456043
10.12999999998973	5.841412380593762e-05
10.139999999989707	-2.7181144651053108e-05
10.149999999989683	-0.00011117700744545893
10.15999999998966	-0.00019240599233735222
10.169999999989637	-0.0002697563937276292
10.179999999989613	-0.0003421872336215621
10.18999999998959	-0.0004087420081938811
10.199999999989567	-0.00046856104240393577
10.209999999989543	-0.0005208922973512855
10.21999999998952	-0.0005651004991887855
10.229999999989497	-0.0006006744840536561
10.239999999989474	-0.0006272326802519805
10.24999999998945	-0.0006445266764431353
10.259999999989427	-0.0006524428524178625
10.269999999989404	-0.0006510020768472311
10.27999999998938	-0.0006403575037077892
10.289999999989357	-0.0006207905255778774
10.299999999989334	-0.0005927049672916865
10.30999999998931	-0.00055661962718478
10.319999999989287	-0.0005131592950580816
10.329999999989264	-0.00046304439573868723
10.33999999998924	-0.0004070794244783053
10.349999999989217	-0.0003461403551910606
10.359999999989194	-0.00028116121451809197
10.36999999998917	-0.00021312002378877717
10.379999999989147	-0.00014302431703803878
10.389999999989124	-7.189644629336995e-05
10.3999999999891	-7.588853629782555e-07
10.409999999989077	6.938025961883444e-05
10.419999999989054	0.000137541330516827
10.42999999998903	0.00020278659468629353
10.439999999989007	0.0002642329372163282
10.449999999988984	0.0003210635992243915
10.45999999998896	0.00037253880941186555
10.469999999988937	0.0004180051739392281
10.479999999988914	0.0004569037091878279
10.48999999998889	0.0004887764228419573
10.499999999988868	0.0005132713706355843
10.509999999988844	0.0005301461387377974
10.519999999988821	0.0005392697247681852
10.529999999988798	0.0005406228135069058
10.539999999988774	0.0005342964661655432
10.549999999988751	0.0005204892642967984
10.559999999988728	0.0004995029707344185
10.569999999988704	0.00047173679008206986
10.579999999988681	0.00043768032994344726
10.589999999988658	0.00039790538105915975
10.599999999988635	0.00035305664957526497
10.609999999988611	0.00030384158762589175
10.619999999988588	0.00025101947911478664
10.629999999988565	0.00019538994590843263
10.639999999988541	0.00013778104552186494
10.649999999988518	7.903713473960254e-05
10.659999999988495	2.000667445624422e-05
10.669999999988471	-3.846985063280559e-05
10.679999999988448	-9.557172795034845e-05
10.689999999988425	-0.000150509365460745
10.699999999988401	-0.00020253503814677973
10.709999999988378	-0.0002509528888094046
10.719999999988355	-0.00029512805206437145
10.729999999988332	-0.0003344947846937923
10.739999999988308	-0.0003685635012472842
10.749999999988285	-0.00039692663073345394
10.759999999988262	-0.00041926322814089443
10.769999999988238	-0.0004353422931108444
10.779999999988215	-0.00044502476707882003
10.789999999988192	-0.0004482641993346123
10.799999999988168	-0.00044510609144604016
10.809999999988145	-0.00043568594808432936
10.819999999988122	-0.00042022608022085383
10.829999999988098	-0.00039903122369062987
10.839999999988075	-0.0003724830520098256
10.849999999988052	-0.0003410336768832284
10.859999999988029	-0.00030519824285534105
10.869999999988005	-0.00026554673388439485
10.879999999987982	-0.00022269511911418685
10.889999999987959	-0.000177295972676068
10.899999999987935	-0.00013002870789311142
10.909999999987912	-8.158956973126829e-05
10.919999999987889	-3.2681530726794e-05
10.929999999987865	1.5995765073261348e-05
10.939999999987842	6.375586835135687e-05
10.949999999987819	0.00010993506383575081
10.959999999987796	0.00015390145216527908
10.969999999987772	0.00019506345210848567
10.979999999987749	0.00023287761088969133
10.989999999987726	0.00026685562177053266
10.999999999987702	0.00029657046069882193
11.009999999987679	0.00032166156756979845
11.019999999987656	0.0003418390122383191
11.029999999987632	0.0003568866006550172
11.039999999987609	0.0003666638921501973
11.049999999987586	0.0003711071147287583
11.059999999987562	0.00037022898103997447
11.06999999998754	0.00036411742322489264
11.079999999987516	0.0003529332799046834
11.089999999987493	0.000336906982948659
11.09999999998747	0.00031633430515760257
11.109999999987446	0.00029157124243655083
11.119999999987423	0.0002630281152512513
11.1299999999874	0.00023116298402199635
11.139999999987376	0.00019647448148643392
11.149999999987353	0.00015949417186279308
11.15999999998733	0.00012077855179153033
11.169999999987306	8.090081147820717e-05
11.179999999987283	4.044247617817288e-05
11.18999999998726	-1.4951845262724458e-08
11.199999999987236	-3.989823246834759e-05
11.209999999987213	-7.865039290389551e-05
11.21999999998719	-0.00011573838883871316
11.229999999987166	-0.00015066031783941527
11.239999999987143	-0.0001829520891694127
11.24999999998712	-0.00021219346322197554
11.259999999987096	-0.00023801338393759247
11.269999999987073	-0.0002600945386788597
11.27999999998705	-0.0002781770919122062
11.289999999987026	-0.0002920615515133472
11.299999999987003	-0.0003016107393875142
11.30999999998698	-0.00030675085118887156
11.319999999986956	-0.0003074716030454279
11.329999999986933	-0.0003038254761626042
11.33999999998691	-0.0002959260828064261
11.349999999986887	-0.0002839456892835363
11.359999999986863	-0.00026811194297443017
11.36999999998684	-0.00024870386108713483
11.379999999986817	-0.00022604714844112853
11.389999999986793	-0.0002005089201437298
11.39999999998677	-0.00017249191237698078
11.409999999986747	-0.00014242827058599632
11.419999999986723	-0.00011077300908070145
11.4299999999867	-7.799723938516124e-05
11.439999999986677	-4.458126656452865e-05
11.449999999986654	-1.1007653222673374e-05
11.45999999998663	2.2245650092679563e-05
11.469999999986607	5.4712011682071306e-05
11.479999999986584	8.594256996278599e-05
11.48999999998656	0.00011551234142866173
11.499999999986537	0.00014302590362605508
11.509999999986514	0.00016812257865109044
11.51999999998649	0.000190481050807402
11.529999999986467	0.00020982336102257697
11.539999999986444	0.00022591823026662182
11.54999999998642	0.00023858367440085385
11.559999999986397	0.0002476888834585421
11.569999999986374	0.00025315534916418603
11.57999999998635	0.0002549572353798359
11.589999999986327	0.00025312099696936125
11.599999999986304	0.0002477242631433683
11.60999999998628	0.00023889401154105383
11.619999999986257	0.00022680406898256423
11.629999999986234	0.00021167198385653576
11.63999999998621	0.000193755323372958
11.649999999986187	0.00017334745630548934
11.659999999986164	0.0001507728882777951
11.66999999998614	0.00012638222203720616
11.679999999986117	0.00010054681944505742
11.689999999986094	7.365324505098126e-05
11.69999999998607	4.6097573080300604e-05
11.709999999986048	1.8279640438031193e-05
11.719999999986024	-9.402672073806645e-06
11.729999999986001	-3.655904969470953e-05
11.739999999985978	-6.281216685530757e-05
11.749999999985954	-8.780284934569925e-05
11.759999999985931	-0.00011119490606059804
11.769999999985908	-0.0001326795665462876
11.779999999985884	-0.00015197946706472246
11.789999999985861	-0.00016885213509981197
11.799999999985838	-0.00018309293004815523
11.809999999985815	-0.00019453740614136582
11.819999999985791	-0.0002030630723153214
11.829999999985768	-0.0002085905326453693
11.839999999985745	-0.00021108399997554514
11.849999999985721	-0.00021055118435619186
11.859999999985698	-0.00020704256673970803
11.869999999985675	-0.00020065007694647588
11.879999999985651	-0.00019150520308437586
11.889999999985628	-0.00017977656727562863
11.899999999985605	-0.00016566700961207097
11.909999999985581	-0.0001494102286336578
11.919999999985558	-0.00013126703222346515
11.929999999985535	-0.00011152125756787049
11.939999999985512	-9.047542268803853e-05
11.949999999985488	-6.844617496527938e-05
11.959999999985465	-4.5759604031410054e-05
11.969999999985442	-2.274648736121093e-05
11.979999999985418	2.6246311174284455e-07
11.989999999985395	2.2941286018301843e-05
11.999999999985372	4.497332180235657e-05
12.009999999985348	6.605556760463333e-05
12.019999999985325	8.590277686172154e-05
12.029999999985302	0.00010425124915343713
12.039999999985278	0.00012086226099330662
12.049999999985255	0.00013552509404387032
12.059999999985232	0.0001480596235602225
12.069999999985209	0.00015831843662399516
12.079999999985185	0.00016618845682439296
12.089999999985162	0.00017159205936739875
12.099999999985139	0.00017448766804159768
12.109999999985115	0.00017486983293258824
12.119999999985092	0.00017276879515095678
12.129999999985069	0.00016824955201866974
12.139999999985045	0.0001614104430460459
12.149999999985022	0.00015238128353317718
12.159999999984999	0.00014132107865883693
12.169999999984976	0.00012841535639784895
12.179999999984952	0.00011387316246491726
12.189999999984929	9.792376465906922e-05
12.199999999984906	8.081311742819317e-05
12.209999999984882	6.280014014988848e-05
12.219999999984859	4.415286450538166e-05
12.229999999984836	2.5144507392538546e-05
12.239999999984812	6.049526078346732e-06
12.249999999984789	-1.2860288261531416e-05
12.259999999984766	-3.1319623808905725e-05
12.269999999984742	-4.907331546571498e-05
12.27999999998472	-6.587981641907691e-05
12.289999999984696	-8.151442749675228e-05
12.299999999984673	-9.577224199134277e-05
12.30999999998465	-0.00010847076826361201
12.319999999984626	-0.00011945219753553123
12.329999999984603	-0.00012858528977347005
12.33999999998458	-0.00013576685635772185
12.349999999984556	-0.0001409228242500279
12.359999999984533	-0.00014400887251760327
12.36999999998451	-0.0001450106382611225
12.379999999984486	-0.0001439434951373141
12.389999999984463	-0.0001408519136776423
12.39999999998444	-0.00013580841839959143
12.409999999984416	-0.00012891216220745118
12.419999999984393	-0.0001202871437116104
12.42999999998437	-0.00011008009779124002
12.439999999984346	-9.845809392502867e-05
12.449999999984323	-8.56058804655426e-05
12.4599999999843	-7.172301609106157e-05
12.469999999984276	-5.702083209934422e-05
12.479999999984253	-4.1719270985096035e-05
12.48999999998423	-2.6043647851365522e-05
12.499999999984206	-1.0221381638017513e-05
12.509999999984183	5.521257088336126e-06
12.51999999998416	2.096233593640897e-05
12.529999999984136	3.588734377240581e-05
12.539999999984113	5.0092124911152325e-05
12.54999999998409	6.338562495297091e-05
12.559999999984067	7.559241203177337e-05
12.569999999984043	8.655494093613936e-05
12.57999999998402	9.613553167001602e-05
12.589999999983997	0.00010421803846926155
12.599999999983973	0.00011070919001652502
12.60999999998395	0.00011553958652890303
12.619999999983927	0.00011866434445815716
12.629999999983903	0.0001200633846674629
12.63999999998388	0.00011974136505913507
12.649999999983857	0.00011772726365188494
12.659999999983834	0.00011407362297383081
12.66999999998381	0.00010885547128233274
12.679999999983787	0.00010216894048076411
12.689999999983764	9.412960461809479e-05
12.69999999998374	8.487056647738058e-05
12.709999999983717	7.454032293851779e-05
12.719999999983694	6.33004424999093e-05
12.72999999998367	5.13230905316265e-05
12.739999999983647	3.878843948558821e-05
12.749999999983624	2.5882002390257104e-05
12.7599999999836	1.2791928500629442e-05
12.769999999983577	-2.937000408838379e-07
12.779999999983554	-1.3189532242642153e-05
12.78999999998353	-2.5715535811021735e-05
12.799999999983507	-3.769947262813564e-05
12.809999999983484	-4.897922867409615e-05
12.81999999998346	-5.940496744536052e-05
12.829999999983437	-6.884107886066386e-05
12.839999999983414	-7.716789894115189e-05
12.84999999998339	-8.428317914995399e-05
12.859999999983367	-9.010328812301518e-05
12.869999999983344	-9.456413255986533e-05
12.87999999998332	-9.762178821003944e-05
12.889999999983297	-9.925283612713223e-05
12.899999999983274	-9.945440360706723e-05
12.90999999998325	-9.824391342000195e-05
12.919999999983228	-9.56585490272318e-05
12.929999999983204	-9.175444738964016e-05
12.939999999983181	-8.660563466949757e-05
12.949999999983158	-8.030272355328882e-05
12.959999999983134	-7.295139403527916e-05
12.969999999983111	-6.467068225989454e-05
12.979999999983088	-5.559110439167696e-05
12.989999999983064	-4.585264443661674e-05
12.999999999983041	-3.5602636455996266e-05
13.009999999983018	-2.4993572678418816e-05
13.019999999982995	-1.4180869618741305e-05
13.029999999982971	-3.32062445215115e-06
13.039999999982948	7.432606427791596e-06
13.049999999982925	1.7927975505608376e-05
13.059999999982901	2.802042893122283e-05
13.069999999982878	3.757267964003561e-05
13.079999999982855	4.6457042432174046e-05
13.089999999982831	5.455710696741831e-05
13.099999999982808	6.176922727000086e-05
13.109999999982785	6.800380924109432e-05
13.119999999982761	7.318638080132254e-05
13.129999999982738	7.725843258379787e-05
13.139999999982715	8.017802052066803e-05
13.149999999982692	8.192012516276043e-05
13.159999999982668	8.247676609203944e-05
13.169999999982645	8.185687328003688e-05
13.179999999982622	8.008592066301256e-05
13.189999999982598	7.720533049906189e-05
13.199999999982575	7.327166019871708e-05
13.209999999982552	6.835558623695685e-05
13.219999999982528	6.254070242249481e-05
13.229999999982505	5.592215218556365e-05
13.239999999982482	4.860511661837625e-05
13.249999999982458	4.070318173793951e-05
13.259999999982435	3.23366098193318e-05
13.269999999982412	2.3630540654291037e-05
13.279999999982389	1.4713149216099591e-05
13.289999999982365	5.713786453757787e-06
13.299999999982342	-3.23887020158975e-06
13.309999999982319	-1.2018630549746527e-05
13.319999999982295	-2.0503544362637703e-05
13.329999999982272	-2.857756918342748e-05
13.339999999982249	-3.6132130757050457e-05
13.349999999982225	-4.306755550511768e-05
13.359999999982202	-4.929435656325237e-05
13.369999999982179	-5.4734357235975435e-05
13.379999999982156	-5.9321638257051516e-05
13.389999999982132	-6.300329793277442e-05
13.399999999982109	-6.574001705198534e-05
13.409999999982086	-6.750642332810201e-05
13.419999999982062	-6.829125305305082e-05
13.429999999982039	-6.809731054946705e-05
13.439999999982016	-6.694122886410549e-05
13.449999999981992	-6.485303791289666e-05
13.459999999981969	-6.187554892825248e-05
13.469999999981946	-5.80635665365394e-05
13.479999999981922	-5.3482942075278336e-05
13.4899999999819	-4.820948381609535e-05
13.499999999981876	-4.2327741564745445e-05
13.509999999981853	-3.592968464167401e-05
13.51999999998183	-2.911329348769254e-05
13.529999999981806	-2.1981086076080944e-05
13.539999999981783	-1.4638600935614678e-05
13.54999999998176	-7.192858894560775e-06
13.559999999981736	2.4917435652041463e-07
13.569999999981713	7.582103110376908e-06
13.57999999998169	1.4703572753277556e-05
13.589999999981666	2.1515676915688175e-05
13.599999999981643	2.792628163242576e-05
13.60999999998162	3.3850248927194324e-05
13.619999999981596	3.921054391097064e-05
13.629999999981573	4.393921135992365e-05
13.63999999998155	4.7978209787048756e-05
13.649999999981526	5.128009321092301e-05
13.659999999981503	5.380853312199207e-05
13.66999999998148	5.553867551749639e-05
13.679999999981456	5.645733028583202e-05
13.689999999981433	5.656299263522912e-05
13.69999999998141	5.58656986457715e-05
13.709999999981386	5.438671934461524e-05
13.719999999981363	5.2158099929898115e-05
13.72999999998134	4.922205286895855e-05
13.739999999981316	4.5630215543169686e-05
13.749999999981293	4.144278487961878e-05
13.75999999998127	3.6727542976355165e-05
13.769999999981247	3.1558789073802154e-05
13.779999999981223	2.6016194334114264e-05
13.7899999999812	2.0183596750500234e-05
13.799999999981177	1.4147754111131513e-05
13.809999999981153	7.99707328228074e-06
13.81999999998113	1.820334151787568e-06
13.829999999981107	-4.294573610584906e-06
13.839999999981083	-1.0261883258514155e-05
13.84999999998106	-1.5999136106811545e-05
13.859999999981037	-2.1428302983688772e-05
13.869999999981014	-2.6476827010867285e-05
13.87999999998099	-3.107857405213454e-05
13.889999999980967	-3.5174678672991834e-05
13.899999999980944	-3.871427510705358e-05
13.90999999998092	-4.165510450321984e-05
13.919999999980897	-4.3963991604488475e-05
13.929999999980874	-4.5617185956431094e-05
13.93999999998085	-4.660056473250139e-05
13.949999999980827	-4.690969626537539e-05
13.959999999980804	-4.654976536019802e-05
13.96999999998078	-4.553536340876013e-05
13.979999999980757	-4.389014819650717e-05
13.989999999980734	-4.164638007123041e-05
13.99999999998071	-3.884434279953909e-05
14.009999999980687	-3.5531658953027556e-05
14.019999999980664	-3.176251102082967e-05
14.02999999998064	-2.7596780622229185e-05
14.039999999980617	-2.309911917790369e-05
14.049999999980594	-1.8337964180093863e-05
14.05999999998057	-1.3384515772169244e-05
14.069999999980547	-8.31168870180319e-06
14.079999999980524	-3.193054847181521e-06
14.0899999999805	1.8982085663681627e-06
14.099999999980477	6.890350237031037e-06
14.109999999980454	1.1714041223065971e-05
14.11999999998043	1.6303322920637654e-05
14.129999999980408	2.0596493838191447e-05
14.139999999980384	2.45369234706501e-05
14.149999999980361	2.8073782775589804e-05
14.159999999980338	3.116268208415771e-05
14.169999999980314	3.3766208721142185e-05
14.179999999980291	3.585435813923696e-05
14.189999999980268	3.740485396926186e-05
14.199999999980244	3.840335402730533e-05
14.209999999980221	3.884354097765121e-05
14.219999999980198	3.872709800315799e-05
14.229999999980175	3.806357145911711e-05
14.239999999980151	3.6870124059971305e-05
14.249999999980128	3.517118364894943e-05
14.259999999980105	3.299799400861993e-05
14.269999999980081	3.0388075466703454e-05
14.279999999980058	2.738460421962071e-05
14.289999999980035	2.4035720321427786e-05
14.299999999980011	2.0393775155394187e-05
14.309999999979988	1.6514529909527077e-05
14.319999999979965	1.2456317108143105e-05
14.329999999979941	8.27917760407632e-06
14.339999999979918	4.0439856078555335e-06
14.349999999979895	-1.8842567872901663e-07
14.359999999979872	-4.358125444094791e-06
14.369999999979848	-8.406921642410392e-06
14.379999999979825	-1.227916086710899e-05
14.389999999979802	-1.592248090655282e-05
14.399999999979778	-1.928850598993166e-05
14.409999999979755	-2.2333475685256777e-05
14.419999999979732	-2.5018799479641208e-05
14.429999999979708	-2.731153023813426e-05
14.439999999979685	-2.9184750983340107e-05
14.449999999979662	-3.061787074507502e-05
14.459999999979638	-3.1596826578022364e-05
14.469999999979615	-3.211419021607364e-05
14.479999999979592	-3.2169179204951344e-05
14.489999999979569	-3.176757371048407e-05
14.499999999979545	-3.092154151938961e-05
14.509999999979522	-2.964937501456709e-05
14.519999999979499	-2.7975145100541532e-05
14.529999999979475	-2.5928278160824493e-05
14.539999999979452	-2.354306313329878e-05
14.549999999979429	-2.0858096679370502e-05
14.559999999979405	-1.791567518665508e-05
14.569999999979382	-1.4761142974331337e-05
14.579999999979359	-1.1442206557926631e-05
14.589999999979335	-8.008225171407333e-06
14.599999999979312	-4.5094879361981075e-06
14.609999999979289	-9.9648810854748e-07
14.619999999979266	2.4807952699076726e-06
14.629999999979242	5.873598244901948e-06
14.639999999979219	9.135045662683715e-06
14.649999999979196	1.222078856279556e-05
14.659999999979172	1.508959673433431e-05
14.669999999979149	1.7703898675649545e-05
14.679999999979126	2.0030262052778853e-05
14.689999999979102	2.2039808692959708e-05
14.69999999997908	2.370855916174822e-05
14.709999999979056	2.5017703040274944e-05
14.719999999979033	2.595379212702345e-05
14.72999999997901	2.6508854920014624e-05
14.739999999978986	2.668043187398924e-05
14.749999999978963	2.6471532056917097e-05
14.75999999997894	2.589051293501797e-05
14.769999999978916	2.4950886080172658e-05
14.779999999978893	2.3671052603592324e-05
14.78999999997887	2.2073973061361268e-05
14.799999999978846	2.01867774386701e-05
14.809999999978823	1.8040321589021753e-05
14.8199999999788	1.5668697172960817e-05
14.829999999978776	1.3108702699800766e-05
14.839999999978753	1.0399283719115821e-05
14.84999999997873	7.5809505317358854e-06
14.859999999978706	4.695181989768321e-06
14.869999999978683	1.7838240307274688e-06
14.87999999997866	-1.1115084571844801e-06
14.889999999978636	-3.950018010757558e-06
14.899999999978613	-6.692291066703869e-06
14.90999999997859	-9.300836791604808e-06
14.919999999978566	-1.1740591024215331e-05
14.929999999978543	-1.3979378684544828e-05
14.93999999997852	-1.5988328686896165e-05
14.949999999978496	-1.774223615163634e-05
14.959999999978473	-1.9219867531037588e-05
14.96999999997845	-2.040420513560435e-05
14.979999999978427	-2.12826284557949e-05
14.989999999978403	-2.1847030606577388e-05
14.99999999997838	-2.209386916522251e-05
15.009999999978357	-2.202415161272669e-05
15.019999999978333	-2.1643356512858625e-05
15.02999999997831	-2.0961292457313004e-05
15.039999999978287	-1.9991897658468423e-05
15.049999999978263	-1.8752983871366274e-05
15.05999999997824	-1.7265929063110524e-05
15.069999999978217	-1.5555323911415735e-05
15.079999999978194	-1.3648577796156635e-05
15.08999999997817	-1.1575490441383367e-05
15.099999999978147	-9.367795764609786e-06
15.109999999978124	-7.0586847909837355e-06
15.1199999999781	-4.682314689293732e-06
15.129999999978077	-2.273311083301482e-06
15.139999999978054	1.3372921430982475e-07
15.14999999997803	2.504728005457889e-06
15.159999999978007	4.806601213353099e-06
15.169999999977984	7.007713557583562e-06
15.17999999997796	9.078306250692935e-06
15.189999999977937	1.0990892038814317e-05
15.199999999977914	1.2720612452179207e-05
15.20999999997789	1.4245552739609583e-05
15.219999999977867	1.5547010624901328e-05
15.229999999977844	1.6609715732098456e-05
15.23999999997782	1.7421997270380454e-05
15.249999999977797	1.7975898336584703e-05
15.259999999977774	1.8267235973053692e-05
15.26999999997775	1.8295606899387547e-05
15.279999999977727	1.8064339607527818e-05
15.289999999977704	1.758039425987663e-05
15.29999999997768	1.6854212549283944e-05
15.309999999977657	1.5899520358136976e-05
15.319999999977634	1.4733086682326335e-05
15.32999999997761	1.3374442856399207e-05
15.339999999977588	1.1845566621454498e-05
15.349999999977564	1.0170536011061812e-05
15.359999999977541	8.375158387557998e-06
15.369999999977518	6.4865802375337655e-06
15.379999999977494	4.53288352838617e-06
15.389999999977471	2.5426745359231595e-06
15.399999999977448	5.446710758483544e-07
15.409999999977424	-1.432705989595171e-06
15.419999999977401	-3.361731242409837e-06
15.429999999977378	-5.2157576926234895e-06
15.439999999977355	-6.969579048442198e-06
15.449999999977331	-8.599766433511483e-06
15.459999999977308	-1.0084975142739166e-05
15.469999999977285	-1.1406217515206019e-05
15.479999999977261	-1.254709853841743e-05
15.489999999977238	-1.3494011374251511e-05
15.499999999977215	-1.4236290604693144e-05
15.509999999977191	-1.4766321625770342e-05
15.519999999977168	-1.507960526174283e-05
15.529999999977145	-1.5174777319262147e-05
15.539999999977121	-1.5053583443658342e-05
15.549999999977098	-1.4720810267719602e-05
15.559999999977075	-1.4184174448572448e-05
15.569999999977052	-1.3454171762344136e-05
15.579999999977028	-1.2543888961448105e-05
15.589999999977005	-1.1468781588601332e-05
15.599999999976982	-1.0246421378734057e-05
15.609999999976958	-8.896217259355078e-06
15.619999999976935	-7.4391142771402565e-06
15.629999999976912	-5.897275029876526e-06
15.639999999976888	-4.293748365833667e-06
15.649999999976865	-2.6521302254770107e-06
15.659999999976842	-9.962215426282677e-07
15.669999999976818	6.503119059158871e-07
15.679999999976795	2.2642729102581022e-06
15.689999999976772	3.823254868209079e-06
15.699999999976749	5.305948055225049e-06
15.709999999976725	6.692426007573296e-06
15.719999999976702	7.964408242999554e-06
15.729999999976679	9.105495932009018e-06
15.739999999976655	1.0101377564196764e-05
15.749999999976632	1.0940002121133732e-05
15.759999999976609	1.1611717763028982e-05
15.769999999976585	1.2109374553307575e-05
15.779999999976562	1.2428390275730057e-05
15.789999999976539	1.2566778935047278e-05
15.799999999976515	1.2525142066735955e-05
15.809999999976492	1.2306623506543475e-05
15.819999999976469	1.1916828779091173e-05
15.829999999976446	1.1363710749665414e-05
15.839999999976422	1.0657423638018638e-05
15.849999999976399	9.810147911526395e-06
15.859999999976376	8.835888951952665e-06
15.869999999976352	7.750252720619351e-06
15.879999999976329	6.570201926949407e-06
15.889999999976306	5.313796431887083e-06
15.899999999976282	3.999921788141902e-06
15.90999999997626	2.6480099319347924e-06
15.919999999976236	1.2777560951931012e-06
15.929999999976213	-9.116399704009789e-08
15.93999999997619	-1.4393726409151734e-06
15.949999999976166	-2.748060494287719e-06
15.959999999976143	-3.999245028855287e-06
15.96999999997612	-5.1760136004868824e-06
15.979999999976096	-6.2627479118191885e-06
15.989999999976073	-7.245326950616615e-06
15.99999999997605	-8.111305833751498e-06
16.009999999976028	-8.850068364513679e-06
16.019999999976005	-9.452951514534923e-06
16.02999999997598	-9.913340464782873e-06
16.039999999975958	-1.0226733276620176e-05
16.049999999975935	-1.0390774707413836e-05
16.05999999997591	-1.0405259129278505e-05
16.069999999975888	-1.0272102947896977e-05
16.079999999975865	-9.995287344906156e-06
16.08999999997584	-9.580772576143803e-06
16.099999999975818	-9.036385443595362e-06
16.109999999975795	-8.371681916052757e-06
16.11999999997577	-7.597787197592641e-06
16.129999999975748	-6.727215829920184e-06
16.139999999975725	-5.773674660844531e-06
16.1499999999757	-4.751851713743615e-06
16.15999999997568	-3.6771941496009974e-06
16.169999999975655	-2.5656786224690335e-06
16.17999999997563	-1.4335773901645487e-06
16.18999999997561	-2.9722355446125786e-07
16.199999999975585	8.272212304937894e-07
16.20999999997556	1.9239933251466163e-06
16.21999999997554	2.977944817804314e-06
16.229999999975515	3.97474942496116e-06
16.239999999975492	4.901093828802873e-06
16.24999999997547	5.744851947362163e-06
16.259999999975445	6.495239910162995e-06
16.269999999975422	7.142949817171928e-06
16.2799999999754	7.680260686771619e-06
16.289999999975375	8.101125344304522e-06
16.299999999975352	8.401232361344995e-06
16.30999999997533	8.578042522000588e-06
16.319999999975305	8.630799660906227e-06
16.329999999975282	8.560516082911457e-06
16.33999999997526	8.369933131638064e-06
16.349999999975235	8.063457818169092e-06
16.359999999975212	7.64707674741004e-06
16.36999999997519	7.128248883782199e-06
16.379999999975166	6.515778975871621e-06
16.389999999975142	5.8196737078918325e-06
16.39999999997512	5.05098286123167e-06
16.409999999975096	4.221627949363807e-06
16.419999999975072	3.3442209319432892e-06
16.42999999997505	2.4318757175247546e-06
16.439999999975026	1.498015228073523e-06
16.449999999975002	5.561768219900148e-07
16.45999999997498	-3.8018114404900687e-07
16.469999999974956	-1.2978688897061788e-06
16.479999999974932	-2.1841482907276157e-06
16.48999999997491	-3.026906961842661e-06
16.499999999974886	-3.814821003819587e-06
16.509999999974863	-4.537504269478835e-06
16.51999999997484	-5.1856422249141635e-06
16.529999999974816	-5.7511087277394884e-06
16.539999999974793	-6.227064310037526e-06
16.54999999997477	-6.6080348357885575e-06
16.559999999974746	-6.889969696670281e-06
16.569999999974723	-7.070279011905082e-06
16.5799999999747	-7.147849602916575e-06
16.589999999974676	-7.123039817543844e-06
16.599999999974653	-6.997653577199541e-06
16.60999999997463	-6.7748943094471476e-06
16.619999999974606	-6.45929970409155e-06
16.629999999974583	-6.056658489283716e-06
16.63999999997456	-5.573910661926718e-06
16.649999999974536	-5.019032820771255e-06
16.659999999974513	-4.4009104382818295e-06
16.66999999997449	-3.7291990663813016e-06
16.679999999974466	-3.0141765996733524e-06
16.689999999974443	-2.266588816329301e-06
16.69999999997442	-1.497490480579704e-06
16.709999999974396	-7.180843212379348e-07
16.719999999974373	6.043980205229875e-08
16.72999999997435	8.270632686093817e-07
16.739999999974327	1.5710923935125216e-06
16.749999999974303	2.282305339924546e-06
16.75999999997428	2.951090261540767e-06
16.769999999974257	3.568572842195273e-06
16.779999999974233	4.1267315758915036e-06
16.78999999997421	4.618499327738604e-06
16.799999999974187	5.037849931368147e-06
16.809999999974163	5.37986880808112e-06
16.81999999997414	5.64080683377426e-06
16.829999999974117	5.818116928038082e-06
16.839999999974093	5.9104730920916225e-06
16.84999999997407	5.917771874783884e-06
16.859999999974047	5.841116495165863e-06
16.869999999974024	5.682784092644905e-06
16.879999999974	5.446176808116283e-06
16.889999999973977	5.135757618593714e-06
16.899999999973954	4.756972050807664e-06
16.90999999997393	4.316157083355281e-06
16.919999999973907	3.8204387099392075e-06
16.929999999973884	3.2776197760087345e-06
16.93999999997386	2.696059816059028e-06
16.949999999973837	2.084548707690499e-06
16.959999999973814	1.452176020375598e-06
16.96999999997379	8.081979712442088e-07
16.979999999973767	1.6190390697691637e-07
16.989999999973744	-4.775157896151259e-07
16.99999999997372	-1.1010985168640308e-06
17.009999999973697	-1.7002332165995905e-06
17.019999999973674	-2.2667773996699877e-06
17.02999999997365	-2.7931658720296424e-06
17.039999999973627	-3.2725097385600137e-06
17.049999999973604	-3.698684419731631e-06
17.05999999997358	-4.066405589838966e-06
17.069999999973557	-4.371292132164215e-06
17.079999999973534	-4.609915403218816e-06
17.08999999997351	-4.779834302247951e-06
17.099999999973488	-4.879615850452483e-06
17.109999999973464	-4.90884119390225e-06
17.11999999997344	-4.868097151859319e-06
17.129999999973418	-4.758953635326634e-06
17.139999999973394	-4.5839274562272665e-06
17.14999999997337	-4.34643323308171e-06
17.159999999973348	-4.050722271862719e-06
17.169999999973324	-3.701810458629993e-06
17.1799999999733	-3.305396341534826e-06
17.189999999973278	-2.8677707020900084e-06
17.199999999973254	-2.395719017751233e-06
17.20999999997323	-1.8964182986891522e-06
17.219999999973208	-1.3773298403114292e-06
17.229999999973185	-8.460894690952692e-07
17.23999999997316	-3.103968724288163e-07
17.249999999973138	2.2209440642671103e-07
17.259999999973115	7.438847589962053e-07
17.26999999997309	1.2477325919679794e-06
17.279999999973068	1.7267532751787142e-06
17.289999999973045	2.174511627992325e-06
17.29999999997302	2.5851067252719007e-06
17.309999999972998	2.953247930260538e-06
17.319999999972975	3.274321201494333e-06
17.32999999997295	3.544444872200715e-06
17.339999999972928	3.760514261172861e-06
17.349999999972905	3.9202346414536835e-06
17.35999999997288	4.02214226484479e-06
17.36999999997286	4.0656133137813845e-06
17.379999999972835	4.050860824992605e-06
17.38999999997281	3.97891979917403e-06
17.39999999997279	3.851620875250754e-06
17.409999999972765	3.671553104474376e-06
17.41999999997274	3.442016506448809e-06
17.42999999997272	3.166965224287704e-06
17.439999999972695	2.8509422177167252e-06
17.449999999972672	2.4990065395172604e-06
17.45999999997265	2.1166543309659993e-06
17.469999999972625	1.709734744813261e-06
17.479999999972602	1.2843620590691196e-06
17.48999999997258	8.468252809210358e-07
17.499999999972555	4.034965572371549e-07
17.509999999972532	-3.926029365804414e-08
17.51999999997251	-4.751798346152979e-07
17.529999999972485	-8.981823907999431e-07
17.539999999972462	-1.3024575591083238e-06
17.54999999997244	-1.6825427175175363e-06
17.559999999972415	-2.033395492878253e-06
17.569999999972392	-2.3504592460399435e-06
17.57999999997237	-2.6297207454879886e-06
17.589999999972346	-2.867759323114106e-06
17.599999999972322	-3.0617869364521133e-06
17.6099999999723	-3.2096786987292335e-06
17.619999999972276	-3.309993579368543e-06
17.629999999972252	-3.3619851210742474e-06
17.63999999997223	-3.365602163274011e-06
17.649999999972206	-3.3214797034363296e-06
17.659999999972182	-3.230920165661108e-06
17.66999999997216	-3.0958654780343656e-06
17.679999999972136	-2.9188604847822298e-06
17.689999999972112	-2.703008334572593e-06
17.69999999997209	-2.451918590908335e-06
17.709999999972066	-2.1696489030968565e-06
17.719999999972043	-1.860641155626796e-06
17.72999999997202	-1.529653079000764e-06
17.739999999971996	-1.1816863554344214e-06
17.749999999971973	-8.21912287836884e-07
17.75999999997195	-4.5559611985864644e-07
17.769999999971926	-8.80210984734857e-08
17.779999999971903	2.7558664127329855e-07
17.78999999997188	6.301313166844087e-07
17.799999999971856	9.707178518295417e-07
17.809999999971833	1.2927183900333112e-06
17.81999999997181	1.5918340764992032e-06
17.829999999971786	1.864151302752978e-06
17.839999999971763	2.1061916945266508e-06
17.84999999997174	2.3149552235470102e-06
17.859999999971716	2.4879559299108106e-06
17.869999999971693	2.6232498537133797e-06
17.87999999997167	2.7194548906797317e-06
17.889999999971646	2.7757624050260133e-06
17.899999999971623	2.7919405519377016e-06
17.9099999999716	2.7683293801972326e-06
17.919999999971576	2.7058279009603304e-06
17.929999999971553	2.60587341987731e-06
17.93999999997153	2.470413535162211e-06
17.949999999971507	2.301871302418401e-06
17.959999999971483	2.1031041567490495e-06
17.96999999997146	1.8773572627558092e-06
17.979999999971437	1.6282120324704073e-06
17.989999999971413	1.3595306092327262e-06
17.99999999997139	1.0753971613656892e-06
18.009999999971367	7.800568627317328e-07
18.019999999971343	4.77853457586565e-07
18.02999999997132	1.7316631447569294e-07
18.039999999971297	-1.2965213167649517e-07
18.049999999971273	-4.263376683908975e-07
18.05999999997125	-7.127734749554746e-07
18.069999999971227	-9.850463639249774e-07
18.079999999971204	-1.2394993394310896e-06
18.08999999997118	-1.4727797798395894e-06
18.099999999971157	-1.6818826241138487e-06
18.109999999971134	-1.864188020843415e-06
18.11999999997111	-2.0174929850307892e-06
18.129999999971087	-2.140036699089025e-06
18.139999999971064	-2.230519189717498e-06
18.14999999997104	-2.2881132099890276e-06
18.159999999971017	-2.3124692546785326e-06
18.169999999970994	-2.30371373518368e-06
18.17999999997097	-2.262440436935751e-06
18.189999999970947	-2.1896954756395486e-06
18.199999999970924	-2.0869560577279543e-06
18.2099999999709	-1.9561034338747198e-06
18.219999999970877	-1.7993905111737848e-06
18.229999999970854	-1.6194046586695866e-06
18.23999999997083	-1.419026301446572e-06
18.249999999970807	-1.201383949713466e-06
18.259999999970784	-9.69806350662511e-07
18.26999999997076	-7.277724818940463e-07
18.279999999970737	-4.788601255845734e-07
18.289999999970714	-2.266937721991699e-07
18.29999999997069	2.510739857306726e-08
18.309999999970668	2.729807236828536e-07
18.319999999970644	5.134697353693932e-07
18.32999999997062	7.432716303480558e-07
18.339999999970598	9.59281888276266e-07
18.349999999970574	1.1586354477261156e-06
18.35999999997055	1.338743905065634e-06
18.369999999970528	1.4973282655866772e-06
18.379999999970504	1.6324468459151935e-06
18.38999999997048	1.7425180011318064e-06
18.399999999970458	1.8263374279928375e-06
18.409999999970434	1.883089876021984e-06
18.41999999997041	1.9123551798649823e-06
18.429999999970388	1.9141086079934985e-06
18.439999999970365	1.8887156034454925e-06
18.44999999997034	1.8369210706787846e-06
18.459999999970318	1.7598334377038695e-06
18.469999999970295	1.6589037934436384e-06
18.47999999997027	1.5359004657924487e-06
18.489999999970248	1.3928794652641813e-06
18.499999999970225	1.2321512716732817e-06
18.5099999999702	1.0562444863361117e-06
18.519999999970178	8.678669092810479e-07
18.529999999970155	6.698646295056496e-07
18.53999999997013	4.651797361294001e-07
18.549999999970108	2.568072692091674e-07
18.559999999970085	4.775203098038339e-08
18.56999999997006	-1.5901412854246582e-07
18.57999999997004	-3.605939531024281e-07
18.589999999970015	-5.542047740626292e-07
18.59999999996999	-7.372163132843853e-07
18.60999999996997	-9.071857904626281e-07
18.619999999969945	-1.0618898757121353e-06
18.62999999996992	-1.199353079412634e-06
18.6399999999699	-1.3178722275907731e-06
18.649999999969875	-1.4160367315712668e-06
18.659999999969852	-1.492744424353779e-06
18.66999999996983	-1.547212802216554e-06
18.679999999969805	-1.5789855774437128e-06
18.689999999969782	-1.5879345158452188e-06
18.69999999996976	-1.574256599924472e-06
18.709999999969735	-1.5384666242002795e-06
18.719999999969712	-1.4813853924022992e-06
18.72999999996969	-1.404123746170214e-06
18.739999999969665	-1.308062710693106e-06
18.749999999969642	-1.1948300936973101e-06
18.75999999996962	-1.0662739196715972e-06
18.769999999969595	-9.244331206435949e-07
18.779999999969572	-7.715059377177019e-07
18.78999999996955	-6.098165135771477e-07
18.799999999969526	-4.4178017497446394e-07
18.809999999969502	-2.698679157166244e-07
18.81999999996948	-9.65705947377293e-08
18.829999999969456	7.563663941131828e-08
18.839999999969432	2.443291967882044e-07
18.84999999996941	4.0716668354257246e-07
18.859999999969386	5.619248692138939e-07
18.869999999969362	7.065255545835502e-07
18.87999999996934	8.390639466577898e-07
18.889999999969316	9.57833188262031e-07
18.899999999969292	1.0613457350442912e-06
18.90999999996927	1.148351321714515e-06
18.919999999969246	1.217851311336224e-06
18.929999999969223	1.2691092756620273e-06
18.9399999999692	1.3016577100638117e-06
18.949999999969176	1.315300842747594e-06
18.959999999969153	1.3101135538550803e-06
18.96999999996913	1.2864364749538832e-06
18.979999999969106	1.244867392538144e-06
18.989999999969083	1.186249129777672e-06
18.99999999996906	1.1116541281835937e-06
19.009999999969036	1.0223659944718997e-06
19.019999999969013	9.198583171454024e-07
19.02999999996899	8.057710916803776e-07
19.039999999968966	6.818851222803112e-07
19.049999999968943	5.500947916112668e-07
19.05999999996892	4.1237960750403304e-07
19.069999999968896	2.7077494713607757e-07
19.079999999968873	1.2734242461240107e-07
19.08999999996885	-1.5859692841987306e-08
19.099999999968826	-1.568056015861085e-07
19.109999999968803	-2.935302052269065e-07
19.11999999996878	-4.241560974354227e-07
19.129999999968756	-5.469189194746269e-07
19.139999999968733	-6.601907561971903e-07
19.14999999996871	-7.625012668353553e-07
19.159999999968687	-8.525562833090211e-07
19.169999999968663	-9.292536484533552e-07
19.17999999996864	-9.916961089050005e-07
19.189999999968617	-1.0392011217461442e-06
19.199999999968593	-1.0713074797357734e-06
19.20999999996857	-1.0877787063852414e-06
19.219999999968547	-1.0886032185953484e-06
19.229999999968523	-1.073991300407285e-06
19.2399999999685	-1.0443689759844568e-06
19.249999999968477	-1.0003689126289398e-06
19.259999999968453	-9.428185248630065e-07
19.26999999996843	-8.727254878384905e-07
19.279999999968407	-7.912609020901102e-07
19.289999999968384	-6.997403814945547e-07
19.29999999996836	-5.996033618678928e-07
19.309999999968337	-4.923909486254216e-07
19.319999999968314	-3.7972263811231916e-07
19.32999999996829	-2.6327225842547877e-07
19.339999999968267	-1.4474348170035663e-07
19.349999999968244	-2.5845260915576704e-08
19.35999999996822	9.173245967076439e-08
19.369999999968197	2.063424201691426e-07
19.379999999968174	3.164027800329586e-07
19.38999999996815	4.2041860356526645e-07
19.399999999968127	5.170018092488091e-07
19.409999999968104	6.048893220238929e-07
19.41999999996808	6.829591968025258e-07
19.429999999968057	7.502445135402716e-07
19.439999999968034	8.059448785959743e-07
19.44999999996801	8.494354033703821e-07
19.459999999967987	8.802730687908775e-07
19.469999999967964	8.982004225465105e-07
19.47999999996794	9.031465945245365e-07
19.489999999967917	8.952256541046838e-07
19.499999999967894	8.747323702958576e-07
19.50999999996787	8.42135471634976e-07
19.519999999967848	7.980685368191722e-07
19.529999999967824	7.433186787552379e-07
19.5399999999678	6.788132136685235e-07
19.549999999967778	6.056045327445784e-07
19.559999999967754	5.248534161607621e-07
19.56999999996773	4.3781104803273027e-07
19.579999999967708	3.458000055401263e-07
19.589999999967684	2.5019450615487365e-07
19.59999999996766	1.5240020337904916e-07
19.609999999967638	5.38338236774076e-08
19.619999999967614	-4.4097064612279e-08
19.62999999996759	-1.4001386560330624e-07
19.639999999967568	-2.325860785759065e-07
19.649999999967545	-3.2054946794087935e-07
19.65999999996752	-4.0272303651144236e-07
19.669999999967498	-4.780245785605079e-07
19.679999999967475	-5.45484612435098e-07
19.68999999996745	-6.042585183003561e-07
19.699999999967428	-6.536367344925574e-07
19.709999999967405	-6.930528955465649e-07
19.71999999996738	-7.220898257878353e-07
19.729999999967358	-7.404833339847644e-07
19.739999999967335	-7.481237864888485e-07
19.74999999996731	-7.450554680871636e-07
19.759999999967288	-7.314737710067634e-07
19.769999999967265	-7.077202827113284e-07
19.77999999996724	-6.742758719007216e-07
19.78999999996722	-6.317518990775015e-07
19.799999999967195	-5.808797028254935e-07
19.80999999996717	-5.224985352337592e-07
19.81999999996715	-4.575421394129603e-07
19.829999999967125	-3.870241785544248e-07
19.8399999999671	-3.1202273928435144e-07
19.84999999996708	-2.3366414202150038e-07
19.859999999967055	-1.5310629756526104e-07
19.869999999967032	-7.152185217659968e-08
19.87999999996701	9.918637025470833e-09
19.889999999966985	9.006325838923995e-08
19.899999999966962	1.677948029919448e-07
19.90999999996694	2.420461023975334e-07
19.919999999966915	3.1181443979242123e-07
19.929999999966892	3.7617484344890857e-07
19.93999999996687	4.3429209001278693e-07
19.949999999966845	4.854312658397477e-07
19.959999999966822	5.289667571896374e-07
19.9699999999668	5.643895641826013e-07
19.979999999966775	5.913128586626619e-07
19.989999999966752	6.094757321300371e-07
19.99999999996673	6.187451063127786e-07
